<?xml version="1.0" encoding="UTF-8"?>
<testng-results ignored="0" total="1" passed="1" failed="0" skipped="0">
  <reporter-output>
  </reporter-output>
  <suite started-at="2024-06-04T21:07:43 EET" name="Default suite" finished-at="2024-06-04T21:07:48 EET" duration-ms="4691">
    <groups>
    </groups>
    <test started-at="2024-06-04T21:07:43 EET" name="Default test" finished-at="2024-06-04T21:07:48 EET" duration-ms="4691">
      <class name="lesson8.testclass">
        <test-method signature="myfirstTest()[pri:0, instance:lesson8.testclass@39529185]" started-at="2024-06-04T21:07:43 EET" name="myfirstTest" finished-at="2024-06-04T21:07:48 EET" duration-ms="4634" status="PASS">
          <reporter-output>
          </reporter-output>
        </test-method> <!-- myfirstTest -->
      </class> <!-- lesson8.testclass -->
    </test> <!-- Default test -->
  </suite> <!-- Default suite -->
</testng-results>
